# JRE version: Java(TM) SE Runtime Environment (8.0_201-b09) (build 1.8.0_201-b09)
# Java VM: Java HotSpot(TM) 64-Bit Server VM (25.201-b09 mixed mode windows-amd64 compressed oops)
Heap:
 PSYoungGen      total 81408K, used 44979K [0x000000076b500000, 0x0000000775200000, 0x00000007c0000000)
  eden space 64512K, 69% used [0x000000076b500000,0x000000076e0ecdc8,0x000000076f400000)
  from space 16896K, 0% used [0x0000000770400000,0x0000000770400000,0x0000000771480000)
  to   space 16384K, 0% used [0x000000076f400000,0x000000076f400000,0x0000000770400000)
 ParOldGen       total 132096K, used 24292K [0x00000006c1e00000, 0x00000006c9f00000, 0x000000076b500000)
  object space 132096K, 18% used [0x00000006c1e00000,0x00000006c35b9268,0x00000006c9f00000)
 Metaspace       used 21161K, capacity 21848K, committed 22144K, reserved 1069056K
  class space    used 2405K, capacity 2578K, committed 2688K, reserved 1048576K
GC Heap History (10 events):
Event: 7.863 GC heap before
{Heap before GC invocations=3 (full 0):
 PSYoungGen      total 76288K, used 76264K [0x000000076b500000, 0x0000000770a00000, 0x00000007c0000000)
  eden space 65536K, 100% used [0x000000076b500000,0x000000076f500000,0x000000076f500000)
  from space 10752K, 99% used [0x000000076ff80000,0x00000007709fa3e0,0x0000000770a00000)
  to   space 10752K, 0% used [0x000000076f500000,0x000000076f500000,0x000000076ff80000)
 ParOldGen       total 175104K, used 1610K [0x00000006c1e00000, 0x00000006cc900000, 0x000000076b500000)
  object space 175104K, 0% used [0x00000006c1e00000,0x00000006c1f92978,0x00000006cc900000)
 Metaspace       used 16894K, capacity 17320K, committed 17536K, reserved 1064960K
  class space    used 1968K, capacity 2057K, committed 2176K, reserved 1048576K
Event: 7.896 GC heap after
Heap after GC invocations=3 (full 0):
 PSYoungGen      total 76288K, used 10728K [0x000000076b500000, 0x0000000770a00000, 0x00000007c0000000)
  eden space 65536K, 0% used [0x000000076b500000,0x000000076b500000,0x000000076f500000)
  from space 10752K, 99% used [0x000000076f500000,0x000000076ff7a020,0x000000076ff80000)
  to   space 10752K, 0% used [0x000000076ff80000,0x000000076ff80000,0x0000000770a00000)
 ParOldGen       total 175104K, used 7591K [0x00000006c1e00000, 0x00000006cc900000, 0x000000076b500000)
  object space 175104K, 4% used [0x00000006c1e00000,0x00000006c2569d88,0x00000006cc900000)
 Metaspace       used 16894K, capacity 17320K, committed 17536K, reserved 1064960K
  class space    used 1968K, capacity 2057K, committed 2176K, reserved 1048576K
}
Event: 12.024 GC heap before
{Heap before GC invocations=4 (full 0):
 PSYoungGen      total 76288K, used 76264K [0x000000076b500000, 0x0000000770a00000, 0x00000007c0000000)
  eden space 65536K, 100% used [0x000000076b500000,0x000000076f500000,0x000000076f500000)
  from space 10752K, 99% used [0x000000076f500000,0x000000076ff7a020,0x000000076ff80000)
  to   space 10752K, 0% used [0x000000076ff80000,0x000000076ff80000,0x0000000770a00000)
 ParOldGen       total 175104K, used 7591K [0x00000006c1e00000, 0x00000006cc900000, 0x000000076b500000)
  object space 175104K, 4% used [0x00000006c1e00000,0x00000006c2569d88,0x00000006cc900000)
 Metaspace       used 17307K, capacity 17722K, committed 18048K, reserved 1064960K
  class space    used 1971K, capacity 2060K, committed 2176K, reserved 1048576K
Event: 12.110 GC heap after
Heap after GC invocations=4 (full 0):
 PSYoungGen      total 76288K, used 10728K [0x000000076b500000, 0x0000000774a00000, 0x00000007c0000000)
  eden space 65536K, 0% used [0x000000076b500000,0x000000076b500000,0x000000076f500000)
  from space 10752K, 99% used [0x000000076ff80000,0x00000007709fa020,0x0000000770a00000)
  to   space 10752K, 0% used [0x000000076f500000,0x000000076f500000,0x000000076ff80000)
 ParOldGen       total 175104K, used 11121K [0x00000006c1e00000, 0x00000006cc900000, 0x000000076b500000)
  object space 175104K, 6% used [0x00000006c1e00000,0x00000006c28dc438,0x00000006cc900000)
 Metaspace       used 17307K, capacity 17722K, committed 18048K, reserved 1064960K
  class space    used 1971K, capacity 2060K, committed 2176K, reserved 1048576K
}
Event: 16.807 GC heap before
{Heap before GC invocations=5 (full 0):
 PSYoungGen      total 76288K, used 76264K [0x000000076b500000, 0x0000000774a00000, 0x00000007c0000000)
  eden space 65536K, 100% used [0x000000076b500000,0x000000076f500000,0x000000076f500000)
  from space 10752K, 99% used [0x000000076ff80000,0x00000007709fa020,0x0000000770a00000)
  to   space 10752K, 0% used [0x000000076f500000,0x000000076f500000,0x000000076ff80000)
 ParOldGen       total 175104K, used 11121K [0x00000006c1e00000, 0x00000006cc900000, 0x000000076b500000)
  object space 175104K, 6% used [0x00000006c1e00000,0x00000006c28dc438,0x00000006cc900000)
 Metaspace       used 18956K, capacity 19510K, committed 19712K, reserved 1067008K
  class space    used 2126K, capacity 2271K, committed 2304K, reserved 1048576K
Event: 16.839 GC heap after
Heap after GC invocations=5 (full 0):
 PSYoungGen      total 74752K, used 10728K [0x000000076b500000, 0x0000000771480000, 0x00000007c0000000)
  eden space 64000K, 0% used [0x000000076b500000,0x000000076b500000,0x000000076f380000)
  from space 10752K, 99% used [0x000000076f500000,0x000000076ff7a040,0x000000076ff80000)
  to   space 16896K, 0% used [0x0000000770400000,0x0000000770400000,0x0000000771480000)
 ParOldGen       total 175104K, used 14671K [0x00000006c1e00000, 0x00000006cc900000, 0x000000076b500000)
  object space 175104K, 8% used [0x00000006c1e00000,0x00000006c2c53dd0,0x00000006cc900000)
 Metaspace       used 18956K, capacity 19510K, committed 19712K, reserved 1067008K
  class space    used 2126K, capacity 2271K, committed 2304K, reserved 1048576K
}
Event: 18.014 GC heap before
{Heap before GC invocations=6 (full 0):
 PSYoungGen      total 74752K, used 45734K [0x000000076b500000, 0x0000000771480000, 0x00000007c0000000)
  eden space 64000K, 54% used [0x000000076b500000,0x000000076d72f9a8,0x000000076f380000)
  from space 10752K, 99% used [0x000000076f500000,0x000000076ff7a040,0x000000076ff80000)
  to   space 16896K, 0% used [0x0000000770400000,0x0000000770400000,0x0000000771480000)
 ParOldGen       total 175104K, used 14671K [0x00000006c1e00000, 0x00000006cc900000, 0x000000076b500000)
  object space 175104K, 8% used [0x00000006c1e00000,0x00000006c2c53dd0,0x00000006cc900000)
 Metaspace       used 20490K, capacity 21176K, committed 21248K, reserved 1069056K
  class space    used 2348K, capacity 2546K, committed 2560K, reserved 1048576K
Event: 18.031 GC heap after
Heap after GC invocations=6 (full 0):
 PSYoungGen      total 81408K, used 13684K [0x000000076b500000, 0x0000000775200000, 0x00000007c0000000)
  eden space 64512K, 0% used [0x000000076b500000,0x000000076b500000,0x000000076f400000)
  from space 16896K, 80% used [0x0000000770400000,0x000000077115d148,0x0000000771480000)
  to   space 16384K, 0% used [0x000000076f400000,0x000000076f400000,0x0000000770400000)
 ParOldGen       total 175104K, used 14679K [0x00000006c1e00000, 0x00000006cc900000, 0x000000076b500000)
  object space 175104K, 8% used [0x00000006c1e00000,0x00000006c2c55dd0,0x00000006cc900000)
 Metaspace       used 20490K, capacity 21176K, committed 21248K, reserved 1069056K
  class space    used 2348K, capacity 2546K, committed 2560K, reserved 1048576K
}
Event: 18.031 GC heap before
{Heap before GC invocations=7 (full 1):
 PSYoungGen      total 81408K, used 13684K [0x000000076b500000, 0x0000000775200000, 0x00000007c0000000)
  eden space 64512K, 0% used [0x000000076b500000,0x000000076b500000,0x000000076f400000)
  from space 16896K, 80% used [0x0000000770400000,0x000000077115d148,0x0000000771480000)
  to   space 16384K, 0% used [0x000000076f400000,0x000000076f400000,0x0000000770400000)
 ParOldGen       total 175104K, used 14679K [0x00000006c1e00000, 0x00000006cc900000, 0x000000076b500000)
  object space 175104K, 8% used [0x00000006c1e00000,0x00000006c2c55dd0,0x00000006cc900000)
 Metaspace       used 20490K, capacity 21176K, committed 21248K, reserved 1069056K
  class space    used 2348K, capacity 2546K, committed 2560K, reserved 1048576K
Event: 18.254 GC heap after
Heap after GC invocations=7 (full 1):
 PSYoungGen      total 81408K, used 0K [0x000000076b500000, 0x0000000775200000, 0x00000007c0000000)
  eden space 64512K, 0% used [0x000000076b500000,0x000000076b500000,0x000000076f400000)
  from space 16896K, 0% used [0x0000000770400000,0x0000000770400000,0x0000000771480000)
  to   space 16384K, 0% used [0x000000076f400000,0x000000076f400000,0x0000000770400000)
 ParOldGen       total 132096K, used 24292K [0x00000006c1e00000, 0x00000006c9f00000, 0x000000076b500000)
  object space 132096K, 18% used [0x00000006c1e00000,0x00000006c35b9268,0x00000006c9f00000)
 Metaspace       used 20490K, capacity 21176K, committed 21248K, reserved 1069056K
  class space    used 2348K, capacity 2546K, committed 2560K, reserved 1048576K
}

